<?xml version="1.0" encoding="UTF-8"?>
<!-- Generated by org.testng.reporters.JUnitReportReporter -->
<testsuite hostname="LAPTOP-ULPD36QI" failures="0" tests="5" name="Day60TestNg.Example_Param1" time="0.012" errors="0" timestamp="2022-05-07T13:56:00 IST" skipped="0">
  <testcase classname="Day60TestNg.Example_Param1" name="param1" time="0.002"/>
  <system-out/>
  <testcase classname="Day60TestNg.Example_Param1" name="param1" time="0.007"/>
  <system-out/>
  <testcase classname="Day60TestNg.Example_Param1" name="param1" time="0.001"/>
  <system-out/>
  <testcase classname="Day60TestNg.Example_Param1" name="param1" time="0.001"/>
  <system-out/>
  <testcase classname="Day60TestNg.Example_Param1" name="param1" time="0.001"/>
  <system-out/>
</testsuite> <!-- Day60TestNg.Example_Param1 -->
