<?xml version="1.0" encoding="UTF-8"?>
<!-- Generated by org.testng.reporters.JUnitReportReporter -->
<testsuite hostname="LAPTOP-ULPD36QI" failures="0" tests="3" name="Day60TestNg.Example_Param5" time="0.009" errors="0" timestamp="2022-05-03T15:23:51 IST" skipped="0">
  <testcase classname="Day60TestNg.Example_Param5" name="login" time="0.001"/>
  <system-out/>
  <testcase classname="Day60TestNg.Example_Param5" name="signIn" time="0.006"/>
  <system-out/>
  <testcase classname="Day60TestNg.Example_Param5" name="checkNotification" time="0.002"/>
  <system-out/>
</testsuite> <!-- Day60TestNg.Example_Param5 -->
